<?xml version="1.0" encoding="UTF-8"?>
<testng-results skipped="0" failed="0" ignored="0" total="2" passed="2">
  <reporter-output>
  </reporter-output>
  <suite name="Default suite" duration-ms="25013" started-at="2020-01-20T10:09:22Z" finished-at="2020-01-20T10:09:47Z">
    <groups>
    </groups>
    <test name="Default test" duration-ms="25013" started-at="2020-01-20T10:09:22Z" finished-at="2020-01-20T10:09:47Z">
      <class name="pkg.DevOpsTest">
        <test-method status="PASS" signature="beforeTest()[pri:0, instance:pkg.DevOpsTest@c038203]" name="beforeTest" is-config="true" duration-ms="11614" started-at="2020-01-20T10:09:22Z" finished-at="2020-01-20T10:09:33Z">
          <reporter-output>
          </reporter-output>
        </test-method> <!-- beforeTest -->
        <test-method status="PASS" signature="openBrowser()[pri:0, instance:pkg.DevOpsTest@c038203]" name="openBrowser" duration-ms="10757" started-at="2020-01-20T10:09:33Z" finished-at="2020-01-20T10:09:44Z">
          <reporter-output>
          </reporter-output>
        </test-method> <!-- openBrowser -->
        <test-method status="PASS" signature="openBrowserNext()[pri:0, instance:pkg.DevOpsTest@c038203]" name="openBrowserNext" duration-ms="1974" started-at="2020-01-20T10:09:44Z" finished-at="2020-01-20T10:09:46Z">
          <reporter-output>
          </reporter-output>
        </test-method> <!-- openBrowserNext -->
        <test-method status="PASS" signature="afterTest()[pri:0, instance:pkg.DevOpsTest@c038203]" name="afterTest" is-config="true" duration-ms="636" started-at="2020-01-20T10:09:46Z" finished-at="2020-01-20T10:09:47Z">
          <reporter-output>
          </reporter-output>
        </test-method> <!-- afterTest -->
      </class> <!-- pkg.DevOpsTest -->
    </test> <!-- Default test -->
  </suite> <!-- Default suite -->
</testng-results>
